# JRE version: Java(TM) SE Runtime Environment (17.0.10+11) (build 17.0.10+11-LTS-240)
# Java VM: Java HotSpot(TM) 64-Bit Server VM (17.0.10+11-LTS-240, mixed mode, sharing, tiered, compressed oops, compressed class ptrs, g1 gc, windows-amd64)
GC Precious Log:
 CPUs: 8 total, 8 available
 Memory: 16064M
 Large Page Support: Disabled
 NUMA Support: Disabled
 Compressed Oops: Enabled (32-bit)
 Heap Region Size: 1M
 Heap Min Capacity: 8M
 Heap Initial Capacity: 252M
 Heap Max Capacity: 2G
 Pre-touch: Disabled
 Parallel Workers: 8
 Concurrent Workers: 2
 Concurrent Refinement Workers: 8
 Periodic GC: Disabled
Heap:
 garbage-first heap   total 258048K, used 141445K [0x0000000080000000, 0x0000000100000000)
  region size 1024K, 6 young (6144K), 6 survivors (6144K)
 Metaspace       used 97980K, committed 98944K, reserved 557056K
  class space    used 13788K, committed 14272K, reserved 425984K
GC Heap History (20 events):
Event: 71.913 GC heap after
{Heap after GC invocations=34 (full 0):
 garbage-first heap   total 198656K, used 94983K [0x0000000080000000, 0x0000000100000000)
  region size 1024K, 7 young (7168K), 7 survivors (7168K)
 Metaspace       used 85241K, committed 86016K, reserved 557056K
  class space    used 12037K, committed 12416K, reserved 425984K
}
Event: 73.723 GC heap before
{Heap before GC invocations=34 (full 0):
 garbage-first heap   total 198656K, used 152327K [0x0000000080000000, 0x0000000100000000)
  region size 1024K, 64 young (65536K), 7 survivors (7168K)
 Metaspace       used 87081K, committed 88000K, reserved 557056K
  class space    used 12327K, committed 12736K, reserved 425984K
}
Event: 73.743 GC heap after
{Heap after GC invocations=35 (full 0):
 garbage-first heap   total 198656K, used 104161K [0x0000000080000000, 0x0000000100000000)
  region size 1024K, 9 young (9216K), 9 survivors (9216K)
 Metaspace       used 87081K, committed 88000K, reserved 557056K
  class space    used 12327K, committed 12736K, reserved 425984K
}
Event: 75.783 GC heap before
{Heap before GC invocations=36 (full 0):
 garbage-first heap   total 198656K, used 165601K [0x0000000080000000, 0x0000000100000000)
  region size 1024K, 64 young (65536K), 9 survivors (9216K)
 Metaspace       used 89805K, committed 90688K, reserved 557056K
  class space    used 12628K, committed 13056K, reserved 425984K
}
Event: 75.806 GC heap after
{Heap after GC invocations=37 (full 0):
 garbage-first heap   total 198656K, used 122767K [0x0000000080000000, 0x0000000100000000)
  region size 1024K, 8 young (8192K), 8 survivors (8192K)
 Metaspace       used 89805K, committed 90688K, reserved 557056K
  class space    used 12628K, committed 13056K, reserved 425984K
}
Event: 75.833 GC heap before
{Heap before GC invocations=37 (full 0):
 garbage-first heap   total 198656K, used 123791K [0x0000000080000000, 0x0000000100000000)
  region size 1024K, 9 young (9216K), 8 survivors (8192K)
 Metaspace       used 89856K, committed 90752K, reserved 557056K
  class space    used 12636K, committed 13056K, reserved 425984K
}
Event: 75.846 GC heap after
{Heap after GC invocations=38 (full 0):
 garbage-first heap   total 198656K, used 123667K [0x0000000080000000, 0x0000000100000000)
  region size 1024K, 1 young (1024K), 1 survivors (1024K)
 Metaspace       used 89856K, committed 90752K, reserved 557056K
  class space    used 12636K, committed 13056K, reserved 425984K
}
Event: 76.798 GC heap before
{Heap before GC invocations=38 (full 0):
 garbage-first heap   total 198656K, used 162579K [0x0000000080000000, 0x0000000100000000)
  region size 1024K, 39 young (39936K), 1 survivors (1024K)
 Metaspace       used 93092K, committed 94016K, reserved 557056K
  class space    used 13134K, committed 13568K, reserved 425984K
}
Event: 76.808 GC heap after
{Heap after GC invocations=39 (full 0):
 garbage-first heap   total 198656K, used 124515K [0x0000000080000000, 0x0000000100000000)
  region size 1024K, 2 young (2048K), 2 survivors (2048K)
 Metaspace       used 93092K, committed 94016K, reserved 557056K
  class space    used 13134K, committed 13568K, reserved 425984K
}
Event: 78.162 GC heap before
{Heap before GC invocations=40 (full 0):
 garbage-first heap   total 222208K, used 164451K [0x0000000080000000, 0x0000000100000000)
  region size 1024K, 41 young (41984K), 2 survivors (2048K)
 Metaspace       used 95207K, committed 96128K, reserved 557056K
  class space    used 13404K, committed 13824K, reserved 425984K
}
Event: 78.174 GC heap after
{Heap after GC invocations=41 (full 0):
 garbage-first heap   total 222208K, used 127754K [0x0000000080000000, 0x0000000100000000)
  region size 1024K, 5 young (5120K), 5 survivors (5120K)
 Metaspace       used 95207K, committed 96128K, reserved 557056K
  class space    used 13404K, committed 13824K, reserved 425984K
}
Event: 78.302 GC heap before
{Heap before GC invocations=41 (full 0):
 garbage-first heap   total 222208K, used 132874K [0x0000000080000000, 0x0000000100000000)
  region size 1024K, 10 young (10240K), 5 survivors (5120K)
 Metaspace       used 95496K, committed 96448K, reserved 557056K
  class space    used 13442K, committed 13888K, reserved 425984K
}
Event: 78.316 GC heap after
{Heap after GC invocations=42 (full 0):
 garbage-first heap   total 222208K, used 127485K [0x0000000080000000, 0x0000000100000000)
  region size 1024K, 1 young (1024K), 1 survivors (1024K)
 Metaspace       used 95496K, committed 96448K, reserved 557056K
  class space    used 13442K, committed 13888K, reserved 425984K
}
Event: 79.633 GC heap before
{Heap before GC invocations=42 (full 0):
 garbage-first heap   total 222208K, used 181757K [0x0000000080000000, 0x0000000100000000)
  region size 1024K, 54 young (55296K), 1 survivors (1024K)
 Metaspace       used 96644K, committed 97600K, reserved 557056K
  class space    used 13562K, committed 14016K, reserved 425984K
}
Event: 79.648 GC heap after
{Heap after GC invocations=43 (full 0):
 garbage-first heap   total 222208K, used 133044K [0x0000000080000000, 0x0000000100000000)
  region size 1024K, 7 young (7168K), 7 survivors (7168K)
 Metaspace       used 96644K, committed 97600K, reserved 557056K
  class space    used 13562K, committed 14016K, reserved 425984K
}
Event: 80.926 GC heap before
{Heap before GC invocations=44 (full 0):
 garbage-first heap   total 242688K, used 180148K [0x0000000080000000, 0x0000000100000000)
  region size 1024K, 54 young (55296K), 7 survivors (7168K)
 Metaspace       used 97626K, committed 98624K, reserved 557056K
  class space    used 13732K, committed 14208K, reserved 425984K
}
Event: 80.944 GC heap after
{Heap after GC invocations=45 (full 0):
 garbage-first heap   total 242688K, used 136563K [0x0000000080000000, 0x0000000100000000)
  region size 1024K, 4 young (4096K), 4 survivors (4096K)
 Metaspace       used 97626K, committed 98624K, reserved 557056K
  class space    used 13732K, committed 14208K, reserved 425984K
}
Event: 81.102 GC heap before
{Heap before GC invocations=45 (full 0):
 garbage-first heap   total 242688K, used 142707K [0x0000000080000000, 0x0000000100000000)
  region size 1024K, 11 young (11264K), 4 survivors (4096K)
 Metaspace       used 97666K, committed 98624K, reserved 557056K
  class space    used 13732K, committed 14208K, reserved 425984K
}
Event: 81.112 GC heap after
{Heap after GC invocations=46 (full 0):
 garbage-first heap   total 242688K, used 136812K [0x0000000080000000, 0x0000000100000000)
  region size 1024K, 1 young (1024K), 1 survivors (1024K)
 Metaspace       used 97666K, committed 98624K, reserved 557056K
  class space    used 13732K, committed 14208K, reserved 425984K
}
Event: 82.386 GC heap before
{Heap before GC invocations=46 (full 0):
 garbage-first heap   total 242688K, used 196204K [0x0000000080000000, 0x0000000100000000)
  region size 1024K, 60 young (61440K), 1 survivors (1024K)
 Metaspace       used 97980K, committed 98944K, reserved 557056K
  class space    used 13788K, committed 14272K, reserved 425984K
}

